bluez-plugin
corgi.so
dejitter.so
drm
egl
fake.so
hw
inputraw.so
libAppDataSearch.so
libDivxDrm.so
libEGL.so
libETC1.so
libFFTEm.so
libGLESv1_CM.so
libGLESv2.so
libGLESv2_dbg.so
libI420colorconvert.so
libNimsWrap.so
libOmxAacDec.so
libOmxAacEnc.so
libOmxAdpcmDec.so
libOmxAmrDec.so
libOmxAmrEnc.so
libOmxAmrRtpDec.so
libOmxAmrwbDec.so
libOmxCore.so
libOmxEvrcDec.so
libOmxEvrcEnc.so
libOmxEvrcHwDec.so
libOmxH264Dec.so
libOmxIttiamVdec.so
libOmxMp3Dec.so
libOmxMpeg4Dec.so
libOmxOn2Dec.so
libOmxQcelp13Dec.so
libOmxQcelp13Enc.so
libOmxQcelpHwDec.so
libOmxVidEnc.so
libOmxVp8Dec.so
libOmxWmaDec.so
libOmxWmvDec.so
libOmxrv9Dec.so
libOpenMAXAL.so
libOpenSLES.so
libOpenVG.so
libQWiFiSoftApCfg.so
libQcomUI.so
libQmageDecoder.so
libRS.so
libSHIMDivxDrm.so
libSR_AudioIn.so
libSoundAlive_VSP_ver312a.so
libWnnEngDic.so
libWnnJpnDic.so
libXt9core.so
lib_SamsungRec_V01005.so
lib_Samsung_Resampler.so
lib_Samsung_SB_AM_for_ICS_v03005.so
lib_SoundAlive_for_ICS_V01013.so
libacdapi_azi.so
liballjoyn.so
libandroid.so
libandroid_runtime.so
libandroid_servers.so
libaudioalsa.so
libaudioeffect_jni.so
libaudioeq.so
libaudioflinger.so
libaudiopolicy_sec.so
libauth.so
libbcc.so
libbcc.so.sha1
libbcinfo.so
libbinder.so
libbluedroid.so
libbluetooth.so
libbluetoothd.so
libbson.so
libbt-aptx-4.0.3.so
libbtio.so
libc.so
libcamera_client.so
libcameraservice.so
libchromatix_imx074_default_video.so
libchromatix_imx074_preview.so
libchromatix_ov2720_default_video.so
libchromatix_ov2720_preview.so
libchromeview.so
libchromium_net.so
libclcore.bc
libcm.so
libcneapiclient.so
libcneqmiutils.so
libcneutils.so
libcommondefs.so
libconfigdb.so
libconscrypt_gmscore_jni.so
libcontrolcsc.so
libcordon.so
libcrashreporter.so
libcrypto.so
libctest.so
libcurl.so
libcutils.so
libdbus.so
libdefcontainer_jni.so
libdhwr.so
libdhwrex.so
libdiag.so
libdiskconfig.so
libdivxdrmdecrypt.so
libdl.so
libdme_main.so
libdnshostprio.so
libdrm1.so
libdrm1_jni.so
libdrmframework.so
libdrmframework_jni.so
libdsm.so
libdsprofile.so
libdss.so
libdsucsd.so
libdsutils.so
libdvm.so
libdwp.so
libeffects.so
libemoji.so
libexif.so
libexpat.so
libext2_blkid.so
libext2_com_err.so
libext2_e2p.so
libext2_profile.so
libext2_uuid.so
libext2fs.so
libext4_utils.so
libfilterfw.so
libfilterpack_facedetect.so
libfilterpack_imageproc.so
libflint_engine_jni_api.so
libfrsdk.so
libgabi++.so
libgames_rtmp_jni.so
libgcastv2_base.so
libgcastv2_support.so
libgcomm_jni.so
libgemini.so
libgenlock.so
libglib.so
libgmscore.so
libgsdi_exp.so
libgsl.so
libgstk_exp.so
libgui.so
libhardware.so
libhardware_legacy.so
libharfbuzz.so
libhwui.so
libicui18n.so
libicuuc.so
libidl.so
libinput.so
libiprouteutil.so
libjackpal-androidterm4.so
libjgcastservice.so
libjni_latinimegoogle.so
libjni_mosaic.so
libjnigraphics.so
libjpeg.so
liblasic.so
liblog.so
libm.so
libmedia.so
libmedia_jni.so
libmediaplayerservice.so
libmemalloc.so
libmm-abl-oem.so
libmm-abl.so
libmm-adspsvc.so
libmm-omxcore.so
libmmgsdilib.so
libmmipl.so
libmmjpeg.so
libmmosal.so
libmmparser.so
libmtp.so
libmvs.so
libmvsclient.so
libmvsechocanceler.so
libmyaes.so
libnativehelper.so
libnetlink.so
libnetmgr.so
libnetmonitor.so
libnetutils.so
libnfc_ndef.so
libnv.so
libocrclient.so
liboem_rapi.so
liboemcamera.so
liboncrpc.so
liboverlay.so
libpbmlib.so
libpdapi.so
libpdsm_atl.so
libpicowrapper.so
libping_apps.so
libping_mdm.so
libpixelflinger.so
libpng.so
libpower.so
libpowermanager.so
libqc-opt.so
libqmi.so
libqmiservices.so
libqsap_sdk.so
libqueue.so
libquramimagecodec.so
libril.so
librpc.so
librs_jni.so
librtp_jni.so
libsAMRNB.so
libsAMRWB.so
libsamsungDiamondVoice.so
libsamsungRecord.so
libsamsungSoundbooster.so
libsamsungpowersound.so
libsapi_so_1.so
libsapi_v4.so
libsavsac.so
libsavscmn.so
libsavsff.so
libsavsmeta.so
libsavsvc.so
libsc-a2xx.so
libsec-ril-cdma.so
libsecril-client.so
libsensor_yamaha_test.so
libsensorservice.so
libsfextaac.so
libsfextcmn.so
libsfextcp.so
libsfextflac.so
libskia.so
libsnd.so
libsomxaacd.so
libsomxaace.so
libsomxamrd.so
libsomxcmn.so
libsomxcore.so
libsomxflacd.so
libsomxmp3d.so
libsonivox.so
libsoundalive.so
libsoundpool.so
libsoundspeed.so
libspeexresampler.so
libspeexwrapper.so
libsqlite.so
libsqlite_jni.so
libsrec_jni.so
libssl.so
libstagefright.so
libstagefright_amrnb_common.so
libstagefright_avc_common.so
libstagefright_enc_common.so
libstagefright_foundation.so
libstagefright_omx.so
libstagefright_soft_aacdec.so
libstagefright_soft_amrdec.so
libstagefright_soft_g711dec.so
libstagefright_soft_h264dec.so
libstagefright_soft_mp3dec.so
libstagefright_soft_mpeg4dec.so
libstagefright_soft_vorbisdec.so
libstagefright_soft_vpxdec.so
libstagefright_yuv.so
libstagefrighthw.so
libstdc++.so
libsthmb.so
libstlport.so
libsurfaceflinger.so
libsurfaceflinger_client.so
libsystem_server.so
libsysutils.so
libtcpfinaggr.so
libthread_db.so
libtilerenderer.so
libtinyxml.so
libtitanium.so
libtslib.so
libui.so
libuim.so
libulp.so
libulp2.so
libusbhost.so
libutils.so
libv8.so
libvariablespeed.so
libvideochat_jni.so
libvideochat_stabilize.so
libvideoeditor_jni.so
libvideoeditorplayer.so
libvoem_if.so
libvoicesearch.so
libvorbisidec.so
libwebcore.so
libwebkitaccel.so
libwebrtc_audio_preprocessing.so
libwidevine.so
libwilhelm.so
libwms.so
libwnndict.so
libwpa_client.so
libwtnativetask.so
libxml.so
libxml2.so
libz.so
linear.so
modules
pp_proc_plugin.so
pthres.so
qnet-plugin.so
soundfx
tcp-connections.so
variance.so
